/home/gitpod/.dotfiles/node/install.zsh
/home/gitpod/.dotfiles/nvm/install.zsh
/home/gitpod/.dotfiles/packer/install.zsh
/home/gitpod/.dotfiles/pip/install.zsh
/home/gitpod/.dotfiles/python/install.zsh
/home/gitpod/.dotfiles/ssh-keys/config.zsh
/home/gitpod/.dotfiles/system/aliases.zsh
/home/gitpod/.dotfiles/system/env.zsh
/home/gitpod/.dotfiles/system/functions.zsh
/home/gitpod/.dotfiles/system/install.zsh
/home/gitpod/.dotfiles/system/keys.zsh
/home/gitpod/.dotfiles/system/_path.zsh
/home/gitpod/.dotfiles/terraform/aliases.zsh
/home/gitpod/.dotfiles/terraform/install.zsh
/home/gitpod/.dotfiles/travis/install.zsh
/home/gitpod/.dotfiles/uh-tools/aliases.zsh
/home/gitpod/.dotfiles/utils.zsh
/home/gitpod/.dotfiles/yarn/install.zsh
/home/gitpod/.dotfiles/zsh/aliases.zsh
/home/gitpod/.dotfiles/zsh/config.zsh
/home/gitpod/.dotfiles/zsh/fpath.zsh
/home/gitpod/.dotfiles/zsh/window.zsh
[?1h=